G:\CENTOS\CODE\IA_SOLUTION\9.2_RANDOMIZEDSELECT\X64\DEBUG\9.2_RANDOMIZEDSELECT.OBJ
G:\CENTOS\CODE\IA_SOLUTION\9.2_RANDOMIZEDSELECT\X64\DEBUG\VC110.PDB
G:\CENTOS\CODE\IA_SOLUTION\X64\DEBUG\9.2_RANDOMIZEDSELECT.ILK
G:\CENTOS\CODE\IA_SOLUTION\X64\DEBUG\9.2_RANDOMIZEDSELECT.EXE
G:\CENTOS\CODE\IA_SOLUTION\X64\DEBUG\9.2_RANDOMIZEDSELECT.PDB
G:\centos\code\IA_solution\9.2_RandomizedSelect\x64\Debug\9.2_RandomizedSelect.obj
G:\centos\code\IA_solution\9.2_RandomizedSelect\x64\Debug\cl.command.1.tlog
G:\centos\code\IA_solution\9.2_RandomizedSelect\x64\Debug\CL.read.1.tlog
G:\centos\code\IA_solution\9.2_RandomizedSelect\x64\Debug\CL.write.1.tlog
G:\centos\code\IA_solution\9.2_RandomizedSelect\x64\Debug\link-cvtres.read.1.tlog
G:\centos\code\IA_solution\9.2_RandomizedSelect\x64\Debug\link-cvtres.write.1.tlog
G:\centos\code\IA_solution\9.2_RandomizedSelect\x64\Debug\link-rc.read.1.tlog
G:\centos\code\IA_solution\9.2_RandomizedSelect\x64\Debug\link-rc.write.1.tlog
G:\centos\code\IA_solution\9.2_RandomizedSelect\x64\Debug\link.command.1.tlog
G:\centos\code\IA_solution\9.2_RandomizedSelect\x64\Debug\link.read.1.tlog
G:\centos\code\IA_solution\9.2_RandomizedSelect\x64\Debug\link.write.1.tlog
G:\centos\code\IA_solution\9.2_RandomizedSelect\x64\Debug\vc110.idb
G:\centos\code\IA_solution\9.2_RandomizedSelect\x64\Debug\vc110.pdb
G:\centos\code\IA_solution\x64\Debug\9.2_RandomizedSelect.pdb
G:\centos\code\IA_solution\x64\Debug\9.2_RandomizedSelect.exe
G:\centos\code\IA_solution\x64\Debug\9.2_RandomizedSelect.ilk
